<?xml version="1.0" encoding="UTF-8"?>
<testsuite name="us.FirstDayAtSchoolTest" tests="4" skipped="0" failures="0" errors="0" timestamp="2022-06-21T10:54:21" hostname="linux" time="0.226">
  <properties/>
  <testcase name="testAddElements()" classname="us.FirstDayAtSchoolTest" time="0.135"/>
  <testcase name="testPrepareMyBag()" classname="us.FirstDayAtSchoolTest" time="0.008"/>
  <testcase name="testCleanBag()" classname="us.FirstDayAtSchoolTest" time="0.027"/>
  <testcase name="testConstructor()" classname="us.FirstDayAtSchoolTest" time="0.015"/>
  <system-out><![CDATA[Inside testAddElements()
Inside testPrepareMyBag()
Inside testCleanBag()
]]></system-out>
  <system-err><![CDATA[]]></system-err>
</testsuite>
