<?xml version="1.0" encoding="UTF-8"?>
<testsuite name="Junio2022.LibraryTest" tests="1" skipped="0" failures="0" errors="0" timestamp="2022-06-21T10:54:25" hostname="linux" time="0.063">
  <properties/>
  <testcase name="someLibraryMethodReturnsTrue()" classname="Junio2022.LibraryTest" time="0.063"/>
  <system-out><![CDATA[]]></system-out>
  <system-err><![CDATA[]]></system-err>
</testsuite>
